22:08:19.661 [main] DEBUG com.intuit.karate.Suite - [config] classpath:karate-config.js
22:08:20.050 [main] INFO  com.intuit.karate - karate.env system property was: null 
22:08:20.231 [main] DEBUG com.intuit.karate - request:
1 > POST https://tek-retail-api.azurewebsites.net/auth/login
1 > Content-Type: application/json; charset=UTF-8
1 > Content-Length: 62
1 > Host: tek-retail-api.azurewebsites.net
1 > Connection: Keep-Alive
1 > User-Agent: Apache-HttpClient/4.5.13 (Java/18)
1 > Accept-Encoding: gzip,deflate
{"email":"SpongeBobss46@tekschool.us","password":"Test12345$"}

22:08:20.812 [main] DEBUG com.intuit.karate - response time in milliseconds: 580
1 < 200
1 < Content-Length: 406
1 < Content-Type: application/json; charset=utf-8
1 < Date: Mon, 20 Mar 2023 05:08:21 GMT
1 < Access-Control-Allow-Origin: *
1 < ETag: W/"196-9A32DBK3oDeVmKMDMtMQn5vIV0Q"
1 < X-Powered-By: Express
{"name":"SpongeBob","email":"SpongeBobss46@tekschool.us","userId":2992,"role":"customer","roleId":2864,"phoneNumber":null,"accessToken":"eyJhbGciOiJIUzI1NiIsInR5cCI6IkpXVCJ9.eyJuYW1lIjoiU3BvbmdlQm9iIiwiZW1haWwiOiJTcG9uZ2VCb2JzczQ2QHRla3NjaG9vbC51cyIsInVzZXJJZCI6Mjk5Miwicm9sZSI6ImN1c3RvbWVyIiwicm9sZUlkIjoyODY0LCJwaG9uZU51bWJlciI6bnVsbCwiaWF0IjoxNjc5Mjg4OTAxfQ.l6mC9VFYKt0MrRvVhTZhivY1IOWDDuZq2bIRaTIBpy4"}

22:08:20.824 [main] INFO  com.intuit.karate - [print] eyJhbGciOiJIUzI1NiIsInR5cCI6IkpXVCJ9.eyJuYW1lIjoiU3BvbmdlQm9iIiwiZW1haWwiOiJTcG9uZ2VCb2JzczQ2QHRla3NjaG9vbC51cyIsInVzZXJJZCI6Mjk5Miwicm9sZSI6ImN1c3RvbWVyIiwicm9sZUlkIjoyODY0LCJwaG9uZU51bWJlciI6bnVsbCwiaWF0IjoxNjc5Mjg4OTAxfQ.l6mC9VFYKt0MrRvVhTZhivY1IOWDDuZq2bIRaTIBpy4 
22:08:20.827 [main] DEBUG com.intuit.karate - request:
1 > GET https://tek-retail-api.azurewebsites.net/address
1 > x-access-token: eyJhbGciOiJIUzI1NiIsInR5cCI6IkpXVCJ9.eyJuYW1lIjoiU3BvbmdlQm9iIiwiZW1haWwiOiJTcG9uZ2VCb2JzczQ2QHRla3NjaG9vbC51cyIsInVzZXJJZCI6Mjk5Miwicm9sZSI6ImN1c3RvbWVyIiwicm9sZUlkIjoyODY0LCJwaG9uZU51bWJlciI6bnVsbCwiaWF0IjoxNjc5Mjg4OTAxfQ.l6mC9VFYKt0MrRvVhTZhivY1IOWDDuZq2bIRaTIBpy4
1 > Host: tek-retail-api.azurewebsites.net
1 > Connection: Keep-Alive
1 > User-Agent: Apache-HttpClient/4.5.13 (Java/18)
1 > Accept-Encoding: gzip,deflate


22:08:21.185 [main] DEBUG com.intuit.karate - response time in milliseconds: 358
1 < 200
1 < Content-Length: 321
1 < Content-Type: application/json; charset=utf-8
1 < Date: Mon, 20 Mar 2023 05:08:21 GMT
1 < Access-Control-Allow-Origin: *
1 < ETag: W/"141-1oGufEfD2Cw4kvZ8wF60CywPQPY"
1 < X-Powered-By: Express
[{"id":5258,"country":"Saint Lucia","fullName":"Ebony Schamberger","phoneNumber":"(845) 912-6491 x1920","street":"0642 Lehner Radial","apartment":"891","city":"Lezliefurt","state":"Mississippi","zipCode":83563,"userId":2992,"isDeleted":false,"createdAt":"2023-03-20T05:08:06.000Z","updatedAt":"2023-03-20T05:08:06.000Z"}]

22:08:21.187 [main] INFO  com.intuit.karate - [print] [
  {
    "id": 5258,
    "country": "Saint Lucia",
    "fullName": "Ebony Schamberger",
    "phoneNumber": "(845) 912-6491 x1920",
    "street": "0642 Lehner Radial",
    "apartment": "891",
    "city": "Lezliefurt",
    "state": "Mississippi",
    "zipCode": 83563,
    "userId": 2992,
    "isDeleted": false,
    "createdAt": "2023-03-20T05:08:06.000Z",
    "updatedAt": "2023-03-20T05:08:06.000Z"
  }
]
 
22:08:21.204 [main] DEBUG com.intuit.karate - write to file: target\address.json
22:08:21.211 [main] INFO  com.intuit.karate - karate.env system property was: null 
22:08:21.217 [main] DEBUG com.intuit.karate - request:
1 > POST https://tek-retail-api.azurewebsites.net/auth/login
1 > Content-Type: application/json; charset=UTF-8
1 > Content-Length: 62
1 > Host: tek-retail-api.azurewebsites.net
1 > Connection: Keep-Alive
1 > User-Agent: Apache-HttpClient/4.5.13 (Java/18)
1 > Accept-Encoding: gzip,deflate
{"email":"SpongeBobss46@tekschool.us","password":"Test12345$"}

22:08:21.703 [main] DEBUG com.intuit.karate - response time in milliseconds: 486
1 < 200
1 < Content-Length: 406
1 < Content-Type: application/json; charset=utf-8
1 < Date: Mon, 20 Mar 2023 05:08:22 GMT
1 < Access-Control-Allow-Origin: *
1 < ETag: W/"196-7AiR2OYb0adr2ZAz1b7Nrxl7eVI"
1 < X-Powered-By: Express
{"name":"SpongeBob","email":"SpongeBobss46@tekschool.us","userId":2992,"role":"customer","roleId":2864,"phoneNumber":null,"accessToken":"eyJhbGciOiJIUzI1NiIsInR5cCI6IkpXVCJ9.eyJuYW1lIjoiU3BvbmdlQm9iIiwiZW1haWwiOiJTcG9uZ2VCb2JzczQ2QHRla3NjaG9vbC51cyIsInVzZXJJZCI6Mjk5Miwicm9sZSI6ImN1c3RvbWVyIiwicm9sZUlkIjoyODY0LCJwaG9uZU51bWJlciI6bnVsbCwiaWF0IjoxNjc5Mjg4OTAyfQ.HKGvlk7zbP2e3iVhyr9Xpo7ACEc6WlknnTI67tghJ-U"}

22:08:21.704 [main] INFO  com.intuit.karate - [print] eyJhbGciOiJIUzI1NiIsInR5cCI6IkpXVCJ9.eyJuYW1lIjoiU3BvbmdlQm9iIiwiZW1haWwiOiJTcG9uZ2VCb2JzczQ2QHRla3NjaG9vbC51cyIsInVzZXJJZCI6Mjk5Miwicm9sZSI6ImN1c3RvbWVyIiwicm9sZUlkIjoyODY0LCJwaG9uZU51bWJlciI6bnVsbCwiaWF0IjoxNjc5Mjg4OTAyfQ.HKGvlk7zbP2e3iVhyr9Xpo7ACEc6WlknnTI67tghJ-U 
22:08:21.862 [main] DEBUG com.intuit.karate - request:
1 > POST https://tek-retail-api.azurewebsites.net/address
1 > x-access-token: eyJhbGciOiJIUzI1NiIsInR5cCI6IkpXVCJ9.eyJuYW1lIjoiU3BvbmdlQm9iIiwiZW1haWwiOiJTcG9uZ2VCb2JzczQ2QHRla3NjaG9vbC51cyIsInVzZXJJZCI6Mjk5Miwicm9sZSI6ImN1c3RvbWVyIiwicm9sZUlkIjoyODY0LCJwaG9uZU51bWJlciI6bnVsbCwiaWF0IjoxNjc5Mjg4OTAyfQ.HKGvlk7zbP2e3iVhyr9Xpo7ACEc6WlknnTI67tghJ-U
1 > Content-Type: application/json; charset=UTF-8
1 > Content-Length: 204
1 > Host: tek-retail-api.azurewebsites.net
1 > Connection: Keep-Alive
1 > User-Agent: Apache-HttpClient/4.5.13 (Java/18)
1 > Accept-Encoding: gzip,deflate
{"country":"Papua New Guinea","fullName":"Elizabeth Rowe","phoneNumber":"(206) 802-1257 x4539","street":"352 Hauck Highway","apartment":"80666","city":"O'Connerchester","state":"Alaska","zipCode":"29174"}

22:08:22.225 [main] DEBUG com.intuit.karate - response time in milliseconds: 362
1 < 200
1 < Content-Length: 306
1 < Content-Type: application/json; charset=utf-8
1 < Date: Mon, 20 Mar 2023 05:08:23 GMT
1 < Access-Control-Allow-Origin: *
1 < ETag: W/"132-40TuWBdERvzUHOo9QI4ic44ogxM"
1 < X-Powered-By: Express
{"id":5259,"country":"Papua New Guinea","fullName":"Elizabeth Rowe","phoneNumber":"(206) 802-1257 x4539","street":"352 Hauck Highway","apartment":"80666","city":"O'Connerchester","state":"Alaska","zipCode":"29174","userId":2992,"updatedAt":"2023-03-20T05:08:23.006Z","createdAt":"2023-03-20T05:08:23.006Z"}

22:08:22.227 [main] INFO  com.intuit.karate - [print] {
  "id": 5259,
  "country": "Papua New Guinea",
  "fullName": "Elizabeth Rowe",
  "phoneNumber": "(206) 802-1257 x4539",
  "street": "352 Hauck Highway",
  "apartment": "80666",
  "city": "O'Connerchester",
  "state": "Alaska",
  "zipCode": "29174",
  "userId": 2992,
  "updatedAt": "2023-03-20T05:08:23.006Z",
  "createdAt": "2023-03-20T05:08:23.006Z"
}
 
22:08:22.232 [main] INFO  com.intuit.karate - karate.env system property was: null 
22:08:22.238 [main] DEBUG com.intuit.karate - request:
1 > POST https://tek-retail-api.azurewebsites.net/auth/login
1 > Content-Type: application/json; charset=UTF-8
1 > Content-Length: 62
1 > Host: tek-retail-api.azurewebsites.net
1 > Connection: Keep-Alive
1 > User-Agent: Apache-HttpClient/4.5.13 (Java/18)
1 > Accept-Encoding: gzip,deflate
{"email":"SpongeBobss46@tekschool.us","password":"Test12345$"}

22:08:22.719 [main] DEBUG com.intuit.karate - response time in milliseconds: 480
1 < 200
1 < Content-Length: 406
1 < Content-Type: application/json; charset=utf-8
1 < Date: Mon, 20 Mar 2023 05:08:23 GMT
1 < Access-Control-Allow-Origin: *
1 < ETag: W/"196-eCdoEVf7d88DoT6Vp7rlKXFdTVI"
1 < X-Powered-By: Express
{"name":"SpongeBob","email":"SpongeBobss46@tekschool.us","userId":2992,"role":"customer","roleId":2864,"phoneNumber":null,"accessToken":"eyJhbGciOiJIUzI1NiIsInR5cCI6IkpXVCJ9.eyJuYW1lIjoiU3BvbmdlQm9iIiwiZW1haWwiOiJTcG9uZ2VCb2JzczQ2QHRla3NjaG9vbC51cyIsInVzZXJJZCI6Mjk5Miwicm9sZSI6ImN1c3RvbWVyIiwicm9sZUlkIjoyODY0LCJwaG9uZU51bWJlciI6bnVsbCwiaWF0IjoxNjc5Mjg4OTAzfQ.ZXN7FEqqt-J5pKm1HoM1spzpXRMhHFvnZ-mdnxxQ5m0"}

22:08:22.721 [main] INFO  com.intuit.karate - [print] eyJhbGciOiJIUzI1NiIsInR5cCI6IkpXVCJ9.eyJuYW1lIjoiU3BvbmdlQm9iIiwiZW1haWwiOiJTcG9uZ2VCb2JzczQ2QHRla3NjaG9vbC51cyIsInVzZXJJZCI6Mjk5Miwicm9sZSI6ImN1c3RvbWVyIiwicm9sZUlkIjoyODY0LCJwaG9uZU51bWJlciI6bnVsbCwiaWF0IjoxNjc5Mjg4OTAzfQ.ZXN7FEqqt-J5pKm1HoM1spzpXRMhHFvnZ-mdnxxQ5m0 
22:08:22.731 [main] DEBUG com.intuit.karate - request:
1 > DELETE https://tek-retail-api.azurewebsites.net/address/5258?id=5258
1 > x-access-token: eyJhbGciOiJIUzI1NiIsInR5cCI6IkpXVCJ9.eyJuYW1lIjoiU3BvbmdlQm9iIiwiZW1haWwiOiJTcG9uZ2VCb2JzczQ2QHRla3NjaG9vbC51cyIsInVzZXJJZCI6Mjk5Miwicm9sZSI6ImN1c3RvbWVyIiwicm9sZUlkIjoyODY0LCJwaG9uZU51bWJlciI6bnVsbCwiaWF0IjoxNjc5Mjg4OTAzfQ.ZXN7FEqqt-J5pKm1HoM1spzpXRMhHFvnZ-mdnxxQ5m0
1 > Host: tek-retail-api.azurewebsites.net
1 > Connection: Keep-Alive
1 > User-Agent: Apache-HttpClient/4.5.13 (Java/18)
1 > Accept-Encoding: gzip,deflate


22:08:23.134 [main] DEBUG com.intuit.karate - response time in milliseconds: 402
1 < 200
1 < Content-Length: 319
1 < Content-Type: application/json; charset=utf-8
1 < Date: Mon, 20 Mar 2023 05:08:23 GMT
1 < Access-Control-Allow-Origin: *
1 < ETag: W/"13f-WUck1+nBWycpqmCHmsQVSCP+IGo"
1 < X-Powered-By: Express
{"id":5258,"country":"Saint Lucia","fullName":"Ebony Schamberger","phoneNumber":"(845) 912-6491 x1920","street":"0642 Lehner Radial","apartment":"891","city":"Lezliefurt","state":"Mississippi","zipCode":83563,"userId":2992,"isDeleted":false,"createdAt":"2023-03-20T05:08:06.000Z","updatedAt":"2023-03-20T05:08:06.000Z"}

22:08:23.136 [main] INFO  com.intuit.karate - [print] {
  "id": 5258,
  "country": "Saint Lucia",
  "fullName": "Ebony Schamberger",
  "phoneNumber": "(845) 912-6491 x1920",
  "street": "0642 Lehner Radial",
  "apartment": "891",
  "city": "Lezliefurt",
  "state": "Mississippi",
  "zipCode": 83563,
  "userId": 2992,
  "isDeleted": false,
  "createdAt": "2023-03-20T05:08:06.000Z",
  "updatedAt": "2023-03-20T05:08:06.000Z"
}
 
22:08:23.142 [main] INFO  com.intuit.karate - karate.env system property was: null 
22:08:23.149 [main] DEBUG com.intuit.karate - request:
1 > POST https://tek-retail-api.azurewebsites.net/auth/login
1 > Content-Type: application/json; charset=UTF-8
1 > Content-Length: 62
1 > Host: tek-retail-api.azurewebsites.net
1 > Connection: Keep-Alive
1 > User-Agent: Apache-HttpClient/4.5.13 (Java/18)
1 > Accept-Encoding: gzip,deflate
{"email":"SpongeBobss46@tekschool.us","password":"Test12345$"}

22:08:23.714 [main] DEBUG com.intuit.karate - response time in milliseconds: 565
1 < 200
1 < Content-Length: 406
1 < Content-Type: application/json; charset=utf-8
1 < Date: Mon, 20 Mar 2023 05:08:24 GMT
1 < Access-Control-Allow-Origin: *
1 < ETag: W/"196-0nkJiA3u3JRK4cYorpcdHG8/Vh0"
1 < X-Powered-By: Express
{"name":"SpongeBob","email":"SpongeBobss46@tekschool.us","userId":2992,"role":"customer","roleId":2864,"phoneNumber":null,"accessToken":"eyJhbGciOiJIUzI1NiIsInR5cCI6IkpXVCJ9.eyJuYW1lIjoiU3BvbmdlQm9iIiwiZW1haWwiOiJTcG9uZ2VCb2JzczQ2QHRla3NjaG9vbC51cyIsInVzZXJJZCI6Mjk5Miwicm9sZSI6ImN1c3RvbWVyIiwicm9sZUlkIjoyODY0LCJwaG9uZU51bWJlciI6bnVsbCwiaWF0IjoxNjc5Mjg4OTA0fQ.d3n0xXklzw3E7uw-qxcDlgObtEec64VNrri-_kB-rgY"}

22:08:23.717 [main] INFO  com.intuit.karate - [print] eyJhbGciOiJIUzI1NiIsInR5cCI6IkpXVCJ9.eyJuYW1lIjoiU3BvbmdlQm9iIiwiZW1haWwiOiJTcG9uZ2VCb2JzczQ2QHRla3NjaG9vbC51cyIsInVzZXJJZCI6Mjk5Miwicm9sZSI6ImN1c3RvbWVyIiwicm9sZUlkIjoyODY0LCJwaG9uZU51bWJlciI6bnVsbCwiaWF0IjoxNjc5Mjg4OTA0fQ.d3n0xXklzw3E7uw-qxcDlgObtEec64VNrri-_kB-rgY 
22:08:23.725 [main] DEBUG com.intuit.karate - request:
1 > PUT https://tek-retail-api.azurewebsites.net/address/5258?id=5258
1 > x-access-token: eyJhbGciOiJIUzI1NiIsInR5cCI6IkpXVCJ9.eyJuYW1lIjoiU3BvbmdlQm9iIiwiZW1haWwiOiJTcG9uZ2VCb2JzczQ2QHRla3NjaG9vbC51cyIsInVzZXJJZCI6Mjk5Miwicm9sZSI6ImN1c3RvbWVyIiwicm9sZUlkIjoyODY0LCJwaG9uZU51bWJlciI6bnVsbCwiaWF0IjoxNjc5Mjg4OTA0fQ.d3n0xXklzw3E7uw-qxcDlgObtEec64VNrri-_kB-rgY
1 > Content-Type: application/json; charset=UTF-8
1 > Content-Length: 199
1 > Host: tek-retail-api.azurewebsites.net
1 > Connection: Keep-Alive
1 > User-Agent: Apache-HttpClient/4.5.13 (Java/18)
1 > Accept-Encoding: gzip,deflate
{"country":"Australia","fullName":"Estelle Wilderman","phoneNumber":"(231) 510-6018 x1350","street":"18175 Carrol Estates","apartment":"980","city":"Padbergside","state":"Kentucky","zipCode":"41333"}

22:08:24.082 [main] DEBUG com.intuit.karate - response time in milliseconds: 357
1 < 200
1 < Content-Length: 316
1 < Content-Type: application/json; charset=utf-8
1 < Date: Mon, 20 Mar 2023 05:08:24 GMT
1 < Access-Control-Allow-Origin: *
1 < ETag: W/"13c-plXof2Fmx4IR3d2GnwwMlGCqFtk"
1 < X-Powered-By: Express
{"id":5258,"country":"Australia","fullName":"Estelle Wilderman","phoneNumber":"(231) 510-6018 x1350","street":"18175 Carrol Estates","apartment":"980","city":"Padbergside","state":"Kentucky","zipCode":41333,"userId":2992,"isDeleted":true,"createdAt":"2023-03-20T05:08:06.000Z","updatedAt":"2023-03-20T05:08:24.000Z"}

22:08:24.084 [main] INFO  com.intuit.karate - [print] {
  "id": 5258,
  "country": "Australia",
  "fullName": "Estelle Wilderman",
  "phoneNumber": "(231) 510-6018 x1350",
  "street": "18175 Carrol Estates",
  "apartment": "980",
  "city": "Padbergside",
  "state": "Kentucky",
  "zipCode": 41333,
  "userId": 2992,
  "isDeleted": true,
  "createdAt": "2023-03-20T05:08:06.000Z",
  "updatedAt": "2023-03-20T05:08:24.000Z"
}
 
22:30:40.954 [main] DEBUG com.intuit.karate.Suite - [config] classpath:karate-config.js
22:30:41.371 [main] INFO  com.intuit.karate - karate.env system property was: null 
22:30:41.562 [main] DEBUG com.intuit.karate - request:
1 > POST https://tek-retail-api.azurewebsites.net/auth/login
1 > Content-Type: application/json; charset=UTF-8
1 > Content-Length: 62
1 > Host: tek-retail-api.azurewebsites.net
1 > Connection: Keep-Alive
1 > User-Agent: Apache-HttpClient/4.5.13 (Java/18)
1 > Accept-Encoding: gzip,deflate
{"email":"SpongeBobss46@tekschool.us","password":"Test12345$"}

22:30:42.222 [main] DEBUG com.intuit.karate - response time in milliseconds: 659
1 < 200
1 < Content-Length: 406
1 < Content-Type: application/json; charset=utf-8
1 < Date: Mon, 20 Mar 2023 05:30:43 GMT
1 < Access-Control-Allow-Origin: *
1 < ETag: W/"196-lupAt5DqTpKdkJDzc83hvjWMtZw"
1 < X-Powered-By: Express
{"name":"SpongeBob","email":"SpongeBobss46@tekschool.us","userId":2992,"role":"customer","roleId":2864,"phoneNumber":null,"accessToken":"eyJhbGciOiJIUzI1NiIsInR5cCI6IkpXVCJ9.eyJuYW1lIjoiU3BvbmdlQm9iIiwiZW1haWwiOiJTcG9uZ2VCb2JzczQ2QHRla3NjaG9vbC51cyIsInVzZXJJZCI6Mjk5Miwicm9sZSI6ImN1c3RvbWVyIiwicm9sZUlkIjoyODY0LCJwaG9uZU51bWJlciI6bnVsbCwiaWF0IjoxNjc5MjkwMjQzfQ.oeMeA0WoNTSiwk6_TB_RPSCqhBq18F6coCSiQ4PQZ-I"}

22:30:42.238 [main] INFO  com.intuit.karate - [print] eyJhbGciOiJIUzI1NiIsInR5cCI6IkpXVCJ9.eyJuYW1lIjoiU3BvbmdlQm9iIiwiZW1haWwiOiJTcG9uZ2VCb2JzczQ2QHRla3NjaG9vbC51cyIsInVzZXJJZCI6Mjk5Miwicm9sZSI6ImN1c3RvbWVyIiwicm9sZUlkIjoyODY0LCJwaG9uZU51bWJlciI6bnVsbCwiaWF0IjoxNjc5MjkwMjQzfQ.oeMeA0WoNTSiwk6_TB_RPSCqhBq18F6coCSiQ4PQZ-I 
22:30:42.240 [main] DEBUG com.intuit.karate - request:
1 > GET https://tek-retail-api.azurewebsites.net/address
1 > x-access-token: eyJhbGciOiJIUzI1NiIsInR5cCI6IkpXVCJ9.eyJuYW1lIjoiU3BvbmdlQm9iIiwiZW1haWwiOiJTcG9uZ2VCb2JzczQ2QHRla3NjaG9vbC51cyIsInVzZXJJZCI6Mjk5Miwicm9sZSI6ImN1c3RvbWVyIiwicm9sZUlkIjoyODY0LCJwaG9uZU51bWJlciI6bnVsbCwiaWF0IjoxNjc5MjkwMjQzfQ.oeMeA0WoNTSiwk6_TB_RPSCqhBq18F6coCSiQ4PQZ-I
1 > Host: tek-retail-api.azurewebsites.net
1 > Connection: Keep-Alive
1 > User-Agent: Apache-HttpClient/4.5.13 (Java/18)
1 > Accept-Encoding: gzip,deflate


22:30:42.617 [main] DEBUG com.intuit.karate - response time in milliseconds: 377
1 < 200
1 < Content-Length: 879
1 < Content-Type: application/json; charset=utf-8
1 < Date: Mon, 20 Mar 2023 05:30:43 GMT
1 < Access-Control-Allow-Origin: *
1 < ETag: W/"36f-bnzYzGlWJBWOHcIW3s7I9HLqBko"
1 < X-Powered-By: Express
[{"id":5263,"country":"United States","fullName":"Will Shakes","phoneNumber":"6546544653","street":"maple valley","apartment":"1","city":"Catalina","state":"California","zipCode":65412,"userId":2992,"isDeleted":false,"createdAt":"2023-03-20T05:20:58.000Z","updatedAt":"2023-03-20T05:21:56.000Z"},{"id":5264,"country":"Panama","fullName":"Gob Bluth","phoneNumber":"1234567890","street":"123 fake st","apartment":"1","city":"Panama City","state":"Los Santos","zipCode":23427,"userId":2992,"isDeleted":false,"createdAt":"2023-03-20T05:21:52.000Z","updatedAt":"2023-03-20T05:21:52.000Z"},{"id":5265,"country":"Panama","fullName":"Leigh Hilpert MD","phoneNumber":"1234567890","street":"123 fake st","apartment":"1","city":"Panama City","state":"Los Santos","zipCode":76589,"userId":2992,"isDeleted":false,"createdAt":"2023-03-20T05:22:19.000Z","updatedAt":"2023-03-20T05:22:19.000Z"}]

22:30:42.619 [main] INFO  com.intuit.karate - [print] [
  {
    "id": 5263,
    "country": "United States",
    "fullName": "Will Shakes",
    "phoneNumber": "6546544653",
    "street": "maple valley",
    "apartment": "1",
    "city": "Catalina",
    "state": "California",
    "zipCode": 65412,
    "userId": 2992,
    "isDeleted": false,
    "createdAt": "2023-03-20T05:20:58.000Z",
    "updatedAt": "2023-03-20T05:21:56.000Z"
  },
  {
    "id": 5264,
    "country": "Panama",
    "fullName": "Gob Bluth",
    "phoneNumber": "1234567890",
    "street": "123 fake st",
    "apartment": "1",
    "city": "Panama City",
    "state": "Los Santos",
    "zipCode": 23427,
    "userId": 2992,
    "isDeleted": false,
    "createdAt": "2023-03-20T05:21:52.000Z",
    "updatedAt": "2023-03-20T05:21:52.000Z"
  },
  {
    "id": 5265,
    "country": "Panama",
    "fullName": "Leigh Hilpert MD",
    "phoneNumber": "1234567890",
    "street": "123 fake st",
    "apartment": "1",
    "city": "Panama City",
    "state": "Los Santos",
    "zipCode": 76589,
    "userId": 2992,
    "isDeleted": false,
    "createdAt": "2023-03-20T05:22:19.000Z",
    "updatedAt": "2023-03-20T05:22:19.000Z"
  }
]
 
22:30:42.633 [main] DEBUG com.intuit.karate - write to file: target\address.json
22:30:42.640 [main] INFO  com.intuit.karate - karate.env system property was: null 
22:30:42.645 [main] DEBUG com.intuit.karate - request:
1 > POST https://tek-retail-api.azurewebsites.net/auth/login
1 > Content-Type: application/json; charset=UTF-8
1 > Content-Length: 62
1 > Host: tek-retail-api.azurewebsites.net
1 > Connection: Keep-Alive
1 > User-Agent: Apache-HttpClient/4.5.13 (Java/18)
1 > Accept-Encoding: gzip,deflate
{"email":"SpongeBobss46@tekschool.us","password":"Test12345$"}

22:30:43.106 [main] DEBUG com.intuit.karate - response time in milliseconds: 460
1 < 200
1 < Content-Length: 406
1 < Content-Type: application/json; charset=utf-8
1 < Date: Mon, 20 Mar 2023 05:30:43 GMT
1 < Access-Control-Allow-Origin: *
1 < ETag: W/"196-lupAt5DqTpKdkJDzc83hvjWMtZw"
1 < X-Powered-By: Express
{"name":"SpongeBob","email":"SpongeBobss46@tekschool.us","userId":2992,"role":"customer","roleId":2864,"phoneNumber":null,"accessToken":"eyJhbGciOiJIUzI1NiIsInR5cCI6IkpXVCJ9.eyJuYW1lIjoiU3BvbmdlQm9iIiwiZW1haWwiOiJTcG9uZ2VCb2JzczQ2QHRla3NjaG9vbC51cyIsInVzZXJJZCI6Mjk5Miwicm9sZSI6ImN1c3RvbWVyIiwicm9sZUlkIjoyODY0LCJwaG9uZU51bWJlciI6bnVsbCwiaWF0IjoxNjc5MjkwMjQzfQ.oeMeA0WoNTSiwk6_TB_RPSCqhBq18F6coCSiQ4PQZ-I"}

22:30:43.109 [main] INFO  com.intuit.karate - [print] eyJhbGciOiJIUzI1NiIsInR5cCI6IkpXVCJ9.eyJuYW1lIjoiU3BvbmdlQm9iIiwiZW1haWwiOiJTcG9uZ2VCb2JzczQ2QHRla3NjaG9vbC51cyIsInVzZXJJZCI6Mjk5Miwicm9sZSI6ImN1c3RvbWVyIiwicm9sZUlkIjoyODY0LCJwaG9uZU51bWJlciI6bnVsbCwiaWF0IjoxNjc5MjkwMjQzfQ.oeMeA0WoNTSiwk6_TB_RPSCqhBq18F6coCSiQ4PQZ-I 
22:30:43.262 [main] DEBUG com.intuit.karate - request:
1 > POST https://tek-retail-api.azurewebsites.net/address
1 > x-access-token: eyJhbGciOiJIUzI1NiIsInR5cCI6IkpXVCJ9.eyJuYW1lIjoiU3BvbmdlQm9iIiwiZW1haWwiOiJTcG9uZ2VCb2JzczQ2QHRla3NjaG9vbC51cyIsInVzZXJJZCI6Mjk5Miwicm9sZSI6ImN1c3RvbWVyIiwicm9sZUlkIjoyODY0LCJwaG9uZU51bWJlciI6bnVsbCwiaWF0IjoxNjc5MjkwMjQzfQ.oeMeA0WoNTSiwk6_TB_RPSCqhBq18F6coCSiQ4PQZ-I
1 > Content-Type: application/json; charset=UTF-8
1 > Content-Length: 184
1 > Host: tek-retail-api.azurewebsites.net
1 > Connection: Keep-Alive
1 > User-Agent: Apache-HttpClient/4.5.13 (Java/18)
1 > Accept-Encoding: gzip,deflate
{"country":"Saint Lucia","fullName":"Herbert Lind","phoneNumber":"(816) 227-6707","street":"922 Alberto Oval","apartment":"1376","city":"Darylshire","state":"Oregon","zipCode":"84623"}

22:30:43.663 [main] DEBUG com.intuit.karate - response time in milliseconds: 401
1 < 200
1 < Content-Length: 286
1 < Content-Type: application/json; charset=utf-8
1 < Date: Mon, 20 Mar 2023 05:30:44 GMT
1 < Access-Control-Allow-Origin: *
1 < ETag: W/"11e-N5HQ14dJKe9qPdDMo9GenwYYtBo"
1 < X-Powered-By: Express
{"id":5267,"country":"Saint Lucia","fullName":"Herbert Lind","phoneNumber":"(816) 227-6707","street":"922 Alberto Oval","apartment":"1376","city":"Darylshire","state":"Oregon","zipCode":"84623","userId":2992,"updatedAt":"2023-03-20T05:30:44.471Z","createdAt":"2023-03-20T05:30:44.471Z"}

22:30:43.665 [main] INFO  com.intuit.karate - [print] {
  "id": 5267,
  "country": "Saint Lucia",
  "fullName": "Herbert Lind",
  "phoneNumber": "(816) 227-6707",
  "street": "922 Alberto Oval",
  "apartment": "1376",
  "city": "Darylshire",
  "state": "Oregon",
  "zipCode": "84623",
  "userId": 2992,
  "updatedAt": "2023-03-20T05:30:44.471Z",
  "createdAt": "2023-03-20T05:30:44.471Z"
}
 
22:30:43.671 [main] INFO  com.intuit.karate - karate.env system property was: null 
22:30:43.676 [main] DEBUG com.intuit.karate - request:
1 > POST https://tek-retail-api.azurewebsites.net/auth/login
1 > Content-Type: application/json; charset=UTF-8
1 > Content-Length: 62
1 > Host: tek-retail-api.azurewebsites.net
1 > Connection: Keep-Alive
1 > User-Agent: Apache-HttpClient/4.5.13 (Java/18)
1 > Accept-Encoding: gzip,deflate
{"email":"SpongeBobss46@tekschool.us","password":"Test12345$"}

22:30:44.167 [main] DEBUG com.intuit.karate - response time in milliseconds: 491
1 < 200
1 < Content-Length: 406
1 < Content-Type: application/json; charset=utf-8
1 < Date: Mon, 20 Mar 2023 05:30:44 GMT
1 < Access-Control-Allow-Origin: *
1 < ETag: W/"196-Ux8FQq7heaSo2wBCXi4VApqFqZI"
1 < X-Powered-By: Express
{"name":"SpongeBob","email":"SpongeBobss46@tekschool.us","userId":2992,"role":"customer","roleId":2864,"phoneNumber":null,"accessToken":"eyJhbGciOiJIUzI1NiIsInR5cCI6IkpXVCJ9.eyJuYW1lIjoiU3BvbmdlQm9iIiwiZW1haWwiOiJTcG9uZ2VCb2JzczQ2QHRla3NjaG9vbC51cyIsInVzZXJJZCI6Mjk5Miwicm9sZSI6ImN1c3RvbWVyIiwicm9sZUlkIjoyODY0LCJwaG9uZU51bWJlciI6bnVsbCwiaWF0IjoxNjc5MjkwMjQ0fQ.Jf3AGcmCCnX22TO-fRXGnoSj1m4XZzGB-r4N8ySZ-UE"}

22:30:44.169 [main] INFO  com.intuit.karate - [print] eyJhbGciOiJIUzI1NiIsInR5cCI6IkpXVCJ9.eyJuYW1lIjoiU3BvbmdlQm9iIiwiZW1haWwiOiJTcG9uZ2VCb2JzczQ2QHRla3NjaG9vbC51cyIsInVzZXJJZCI6Mjk5Miwicm9sZSI6ImN1c3RvbWVyIiwicm9sZUlkIjoyODY0LCJwaG9uZU51bWJlciI6bnVsbCwiaWF0IjoxNjc5MjkwMjQ0fQ.Jf3AGcmCCnX22TO-fRXGnoSj1m4XZzGB-r4N8ySZ-UE 
22:30:44.179 [main] DEBUG com.intuit.karate - request:
1 > DELETE https://tek-retail-api.azurewebsites.net/address/5263?id=5263
1 > x-access-token: eyJhbGciOiJIUzI1NiIsInR5cCI6IkpXVCJ9.eyJuYW1lIjoiU3BvbmdlQm9iIiwiZW1haWwiOiJTcG9uZ2VCb2JzczQ2QHRla3NjaG9vbC51cyIsInVzZXJJZCI6Mjk5Miwicm9sZSI6ImN1c3RvbWVyIiwicm9sZUlkIjoyODY0LCJwaG9uZU51bWJlciI6bnVsbCwiaWF0IjoxNjc5MjkwMjQ0fQ.Jf3AGcmCCnX22TO-fRXGnoSj1m4XZzGB-r4N8ySZ-UE
1 > Host: tek-retail-api.azurewebsites.net
1 > Connection: Keep-Alive
1 > User-Agent: Apache-HttpClient/4.5.13 (Java/18)
1 > Accept-Encoding: gzip,deflate


22:30:44.542 [main] DEBUG com.intuit.karate - response time in milliseconds: 363
1 < 200
1 < Content-Length: 294
1 < Content-Type: application/json; charset=utf-8
1 < Date: Mon, 20 Mar 2023 05:30:45 GMT
1 < Access-Control-Allow-Origin: *
1 < ETag: W/"126-vwoOMADIoZTZnJSqXb4dZQ8XMPs"
1 < X-Powered-By: Express
{"id":5263,"country":"United States","fullName":"Will Shakes","phoneNumber":"6546544653","street":"maple valley","apartment":"1","city":"Catalina","state":"California","zipCode":65412,"userId":2992,"isDeleted":false,"createdAt":"2023-03-20T05:20:58.000Z","updatedAt":"2023-03-20T05:21:56.000Z"}

22:30:44.545 [main] INFO  com.intuit.karate - [print] {
  "id": 5263,
  "country": "United States",
  "fullName": "Will Shakes",
  "phoneNumber": "6546544653",
  "street": "maple valley",
  "apartment": "1",
  "city": "Catalina",
  "state": "California",
  "zipCode": 65412,
  "userId": 2992,
  "isDeleted": false,
  "createdAt": "2023-03-20T05:20:58.000Z",
  "updatedAt": "2023-03-20T05:21:56.000Z"
}
 
22:30:44.550 [main] INFO  com.intuit.karate - karate.env system property was: null 
22:30:44.555 [main] DEBUG com.intuit.karate - request:
1 > POST https://tek-retail-api.azurewebsites.net/auth/login
1 > Content-Type: application/json; charset=UTF-8
1 > Content-Length: 62
1 > Host: tek-retail-api.azurewebsites.net
1 > Connection: Keep-Alive
1 > User-Agent: Apache-HttpClient/4.5.13 (Java/18)
1 > Accept-Encoding: gzip,deflate
{"email":"SpongeBobss46@tekschool.us","password":"Test12345$"}

22:30:45.035 [main] DEBUG com.intuit.karate - response time in milliseconds: 480
1 < 200
1 < Content-Length: 406
1 < Content-Type: application/json; charset=utf-8
1 < Date: Mon, 20 Mar 2023 05:30:45 GMT
1 < Access-Control-Allow-Origin: *
1 < ETag: W/"196-dCNGcO3AIGuSyVc4D7+QmXxsAF0"
1 < X-Powered-By: Express
{"name":"SpongeBob","email":"SpongeBobss46@tekschool.us","userId":2992,"role":"customer","roleId":2864,"phoneNumber":null,"accessToken":"eyJhbGciOiJIUzI1NiIsInR5cCI6IkpXVCJ9.eyJuYW1lIjoiU3BvbmdlQm9iIiwiZW1haWwiOiJTcG9uZ2VCb2JzczQ2QHRla3NjaG9vbC51cyIsInVzZXJJZCI6Mjk5Miwicm9sZSI6ImN1c3RvbWVyIiwicm9sZUlkIjoyODY0LCJwaG9uZU51bWJlciI6bnVsbCwiaWF0IjoxNjc5MjkwMjQ1fQ.Klo2OfHLn_KWFnovKrJD2mUadnJt6_qxP5lKwZ7aMyA"}

22:30:45.038 [main] INFO  com.intuit.karate - [print] eyJhbGciOiJIUzI1NiIsInR5cCI6IkpXVCJ9.eyJuYW1lIjoiU3BvbmdlQm9iIiwiZW1haWwiOiJTcG9uZ2VCb2JzczQ2QHRla3NjaG9vbC51cyIsInVzZXJJZCI6Mjk5Miwicm9sZSI6ImN1c3RvbWVyIiwicm9sZUlkIjoyODY0LCJwaG9uZU51bWJlciI6bnVsbCwiaWF0IjoxNjc5MjkwMjQ1fQ.Klo2OfHLn_KWFnovKrJD2mUadnJt6_qxP5lKwZ7aMyA 
22:30:45.048 [main] DEBUG com.intuit.karate - request:
1 > PUT https://tek-retail-api.azurewebsites.net/address/5263?id=5263
1 > x-access-token: eyJhbGciOiJIUzI1NiIsInR5cCI6IkpXVCJ9.eyJuYW1lIjoiU3BvbmdlQm9iIiwiZW1haWwiOiJTcG9uZ2VCb2JzczQ2QHRla3NjaG9vbC51cyIsInVzZXJJZCI6Mjk5Miwicm9sZSI6ImN1c3RvbWVyIiwicm9sZUlkIjoyODY0LCJwaG9uZU51bWJlciI6bnVsbCwiaWF0IjoxNjc5MjkwMjQ1fQ.Klo2OfHLn_KWFnovKrJD2mUadnJt6_qxP5lKwZ7aMyA
1 > Content-Type: application/json; charset=UTF-8
1 > Content-Length: 186
1 > Host: tek-retail-api.azurewebsites.net
1 > Connection: Keep-Alive
1 > User-Agent: Apache-HttpClient/4.5.13 (Java/18)
1 > Accept-Encoding: gzip,deflate
{"country":"Nauru","fullName":"Vernell Dietrich","phoneNumber":"(757) 910-6182","street":"78578 Wolff Trail","apartment":"22763","city":"Elanahaven","state":"Missouri","zipCode":"59148"}

22:30:45.431 [main] DEBUG com.intuit.karate - response time in milliseconds: 383
1 < 200
1 < Content-Length: 303
1 < Content-Type: application/json; charset=utf-8
1 < Date: Mon, 20 Mar 2023 05:30:46 GMT
1 < Access-Control-Allow-Origin: *
1 < ETag: W/"12f-f7956PJkP13JU4reD3KCeftoFNk"
1 < X-Powered-By: Express
{"id":5263,"country":"Nauru","fullName":"Vernell Dietrich","phoneNumber":"(757) 910-6182","street":"78578 Wolff Trail","apartment":"22763","city":"Elanahaven","state":"Missouri","zipCode":59148,"userId":2992,"isDeleted":true,"createdAt":"2023-03-20T05:20:58.000Z","updatedAt":"2023-03-20T05:30:46.000Z"}

22:30:45.432 [main] INFO  com.intuit.karate - [print] {
  "id": 5263,
  "country": "Nauru",
  "fullName": "Vernell Dietrich",
  "phoneNumber": "(757) 910-6182",
  "street": "78578 Wolff Trail",
  "apartment": "22763",
  "city": "Elanahaven",
  "state": "Missouri",
  "zipCode": 59148,
  "userId": 2992,
  "isDeleted": true,
  "createdAt": "2023-03-20T05:20:58.000Z",
  "updatedAt": "2023-03-20T05:30:46.000Z"
}
 
22:39:15.210 [main] DEBUG com.intuit.karate.Suite - [config] classpath:karate-config.js
22:39:15.213 [main] INFO  com.intuit.karate.Suite - backed up existing 'target\karate-reports' dir to: target\karate-reports_1679290755212
22:39:15.616 [main] INFO  com.intuit.karate - karate.env system property was: null 
22:39:15.817 [main] DEBUG com.intuit.karate - request:
1 > POST https://tek-retail-api.azurewebsites.net/auth/login
1 > Content-Type: application/json; charset=UTF-8
1 > Content-Length: 62
1 > Host: tek-retail-api.azurewebsites.net
1 > Connection: Keep-Alive
1 > User-Agent: Apache-HttpClient/4.5.13 (Java/18)
1 > Accept-Encoding: gzip,deflate
{"email":"SpongeBobss46@tekschool.us","password":"Test12345$"}

22:39:16.462 [main] DEBUG com.intuit.karate - response time in milliseconds: 644
1 < 200
1 < Content-Length: 406
1 < Content-Type: application/json; charset=utf-8
1 < Date: Mon, 20 Mar 2023 05:39:17 GMT
1 < Access-Control-Allow-Origin: *
1 < ETag: W/"196-9S0jm02/Fas7+nmMXiRN5IrTEkI"
1 < X-Powered-By: Express
{"name":"SpongeBob","email":"SpongeBobss46@tekschool.us","userId":2992,"role":"customer","roleId":2864,"phoneNumber":null,"accessToken":"eyJhbGciOiJIUzI1NiIsInR5cCI6IkpXVCJ9.eyJuYW1lIjoiU3BvbmdlQm9iIiwiZW1haWwiOiJTcG9uZ2VCb2JzczQ2QHRla3NjaG9vbC51cyIsInVzZXJJZCI6Mjk5Miwicm9sZSI6ImN1c3RvbWVyIiwicm9sZUlkIjoyODY0LCJwaG9uZU51bWJlciI6bnVsbCwiaWF0IjoxNjc5MjkwNzU3fQ.VV0-zT7sh9giw3VdTG-uco04Io2QS1hKnW_iOdCujrE"}

22:39:16.474 [main] INFO  com.intuit.karate - [print] eyJhbGciOiJIUzI1NiIsInR5cCI6IkpXVCJ9.eyJuYW1lIjoiU3BvbmdlQm9iIiwiZW1haWwiOiJTcG9uZ2VCb2JzczQ2QHRla3NjaG9vbC51cyIsInVzZXJJZCI6Mjk5Miwicm9sZSI6ImN1c3RvbWVyIiwicm9sZUlkIjoyODY0LCJwaG9uZU51bWJlciI6bnVsbCwiaWF0IjoxNjc5MjkwNzU3fQ.VV0-zT7sh9giw3VdTG-uco04Io2QS1hKnW_iOdCujrE 
22:39:16.477 [main] DEBUG com.intuit.karate - request:
1 > GET https://tek-retail-api.azurewebsites.net/address
1 > x-access-token: eyJhbGciOiJIUzI1NiIsInR5cCI6IkpXVCJ9.eyJuYW1lIjoiU3BvbmdlQm9iIiwiZW1haWwiOiJTcG9uZ2VCb2JzczQ2QHRla3NjaG9vbC51cyIsInVzZXJJZCI6Mjk5Miwicm9sZSI6ImN1c3RvbWVyIiwicm9sZUlkIjoyODY0LCJwaG9uZU51bWJlciI6bnVsbCwiaWF0IjoxNjc5MjkwNzU3fQ.VV0-zT7sh9giw3VdTG-uco04Io2QS1hKnW_iOdCujrE
1 > Host: tek-retail-api.azurewebsites.net
1 > Connection: Keep-Alive
1 > User-Agent: Apache-HttpClient/4.5.13 (Java/18)
1 > Accept-Encoding: gzip,deflate


22:39:16.848 [main] DEBUG com.intuit.karate - response time in milliseconds: 371
1 < 200
1 < Content-Length: 939
1 < Content-Type: application/json; charset=utf-8
1 < Date: Mon, 20 Mar 2023 05:39:17 GMT
1 < Access-Control-Allow-Origin: *
1 < ETag: W/"3ab-eQ99iRahHUN/0kBdYO0RKvwv8t8"
1 < X-Powered-By: Express
[{"id":5267,"country":"Saint Lucia","fullName":"Herbert Lind","phoneNumber":"(816) 227-6707","street":"922 Alberto Oval","apartment":"1376","city":"Darylshire","state":"Oregon","zipCode":84623,"userId":2992,"isDeleted":false,"createdAt":"2023-03-20T05:30:44.000Z","updatedAt":"2023-03-20T05:30:44.000Z"},{"id":5268,"country":"Panama","fullName":"Bernetta Lang","phoneNumber":"(646) 301-3018 x6115","street":"340 Nicolas Court","apartment":"34745","city":"Lake Rowenamouth","state":"New York","zipCode":69520,"userId":2992,"isDeleted":false,"createdAt":"2023-03-20T05:32:10.000Z","updatedAt":"2023-03-20T05:32:10.000Z"},{"id":5269,"country":"Pitcairn Islands","fullName":"Jefferson King","phoneNumber":"(817) 660-5359 x2839","street":"730 Jonah Plains","apartment":"001","city":"West Clariceshire","state":"Utah","zipCode":68722,"userId":2992,"isDeleted":false,"createdAt":"2023-03-20T05:33:37.000Z","updatedAt":"2023-03-20T05:33:37.000Z"}]

22:39:16.850 [main] INFO  com.intuit.karate - [print] [
  {
    "id": 5267,
    "country": "Saint Lucia",
    "fullName": "Herbert Lind",
    "phoneNumber": "(816) 227-6707",
    "street": "922 Alberto Oval",
    "apartment": "1376",
    "city": "Darylshire",
    "state": "Oregon",
    "zipCode": 84623,
    "userId": 2992,
    "isDeleted": false,
    "createdAt": "2023-03-20T05:30:44.000Z",
    "updatedAt": "2023-03-20T05:30:44.000Z"
  },
  {
    "id": 5268,
    "country": "Panama",
    "fullName": "Bernetta Lang",
    "phoneNumber": "(646) 301-3018 x6115",
    "street": "340 Nicolas Court",
    "apartment": "34745",
    "city": "Lake Rowenamouth",
    "state": "New York",
    "zipCode": 69520,
    "userId": 2992,
    "isDeleted": false,
    "createdAt": "2023-03-20T05:32:10.000Z",
    "updatedAt": "2023-03-20T05:32:10.000Z"
  },
  {
    "id": 5269,
    "country": "Pitcairn Islands",
    "fullName": "Jefferson King",
    "phoneNumber": "(817) 660-5359 x2839",
    "street": "730 Jonah Plains",
    "apartment": "001",
    "city": "West Clariceshire",
    "state": "Utah",
    "zipCode": 68722,
    "userId": 2992,
    "isDeleted": false,
    "createdAt": "2023-03-20T05:33:37.000Z",
    "updatedAt": "2023-03-20T05:33:37.000Z"
  }
]
 
22:39:16.864 [main] DEBUG com.intuit.karate - write to file: target\address.json
22:39:16.868 [main] INFO  com.intuit.karate - karate.env system property was: null 
22:39:16.874 [main] DEBUG com.intuit.karate - request:
1 > POST https://tek-retail-api.azurewebsites.net/auth/login
1 > Content-Type: application/json; charset=UTF-8
1 > Content-Length: 62
1 > Host: tek-retail-api.azurewebsites.net
1 > Connection: Keep-Alive
1 > User-Agent: Apache-HttpClient/4.5.13 (Java/18)
1 > Accept-Encoding: gzip,deflate
{"email":"SpongeBobss46@tekschool.us","password":"Test12345$"}

22:39:17.355 [main] DEBUG com.intuit.karate - response time in milliseconds: 481
1 < 200
1 < Content-Length: 406
1 < Content-Type: application/json; charset=utf-8
1 < Date: Mon, 20 Mar 2023 05:39:18 GMT
1 < Access-Control-Allow-Origin: *
1 < ETag: W/"196-nvINaXyJ/GPYBwLcFs2Mcel1MSE"
1 < X-Powered-By: Express
{"name":"SpongeBob","email":"SpongeBobss46@tekschool.us","userId":2992,"role":"customer","roleId":2864,"phoneNumber":null,"accessToken":"eyJhbGciOiJIUzI1NiIsInR5cCI6IkpXVCJ9.eyJuYW1lIjoiU3BvbmdlQm9iIiwiZW1haWwiOiJTcG9uZ2VCb2JzczQ2QHRla3NjaG9vbC51cyIsInVzZXJJZCI6Mjk5Miwicm9sZSI6ImN1c3RvbWVyIiwicm9sZUlkIjoyODY0LCJwaG9uZU51bWJlciI6bnVsbCwiaWF0IjoxNjc5MjkwNzU4fQ.ESd_24q3Pnwxe30lqf-WdfcVFcF7lFNzbr1YIhCUln0"}

22:39:17.356 [main] INFO  com.intuit.karate - [print] eyJhbGciOiJIUzI1NiIsInR5cCI6IkpXVCJ9.eyJuYW1lIjoiU3BvbmdlQm9iIiwiZW1haWwiOiJTcG9uZ2VCb2JzczQ2QHRla3NjaG9vbC51cyIsInVzZXJJZCI6Mjk5Miwicm9sZSI6ImN1c3RvbWVyIiwicm9sZUlkIjoyODY0LCJwaG9uZU51bWJlciI6bnVsbCwiaWF0IjoxNjc5MjkwNzU4fQ.ESd_24q3Pnwxe30lqf-WdfcVFcF7lFNzbr1YIhCUln0 
22:39:17.492 [main] DEBUG com.intuit.karate - request:
1 > POST https://tek-retail-api.azurewebsites.net/address
1 > x-access-token: eyJhbGciOiJIUzI1NiIsInR5cCI6IkpXVCJ9.eyJuYW1lIjoiU3BvbmdlQm9iIiwiZW1haWwiOiJTcG9uZ2VCb2JzczQ2QHRla3NjaG9vbC51cyIsInVzZXJJZCI6Mjk5Miwicm9sZSI6ImN1c3RvbWVyIiwicm9sZUlkIjoyODY0LCJwaG9uZU51bWJlciI6bnVsbCwiaWF0IjoxNjc5MjkwNzU4fQ.ESd_24q3Pnwxe30lqf-WdfcVFcF7lFNzbr1YIhCUln0
1 > Content-Type: application/json; charset=UTF-8
1 > Content-Length: 204
1 > Host: tek-retail-api.azurewebsites.net
1 > Connection: Keep-Alive
1 > User-Agent: Apache-HttpClient/4.5.13 (Java/18)
1 > Accept-Encoding: gzip,deflate
{"country":"Virgin Islands, U.S.","fullName":"Tiana Dibbert","phoneNumber":"(229) 714-6018","street":"423 Nikolaus Meadow","apartment":"692","city":"West Careyside","state":"New Jersey","zipCode":"28537"}

22:39:17.866 [main] DEBUG com.intuit.karate - response time in milliseconds: 374
1 < 200
1 < Content-Length: 306
1 < Content-Type: application/json; charset=utf-8
1 < Date: Mon, 20 Mar 2023 05:39:18 GMT
1 < Access-Control-Allow-Origin: *
1 < ETag: W/"132-dMOUFlbmJo2pLJzMvlYB7tWT+kc"
1 < X-Powered-By: Express
{"id":5270,"country":"Virgin Islands, U.S.","fullName":"Tiana Dibbert","phoneNumber":"(229) 714-6018","street":"423 Nikolaus Meadow","apartment":"692","city":"West Careyside","state":"New Jersey","zipCode":"28537","userId":2992,"updatedAt":"2023-03-20T05:39:18.695Z","createdAt":"2023-03-20T05:39:18.695Z"}

22:39:17.869 [main] INFO  com.intuit.karate - [print] {
  "id": 5270,
  "country": "Virgin Islands, U.S.",
  "fullName": "Tiana Dibbert",
  "phoneNumber": "(229) 714-6018",
  "street": "423 Nikolaus Meadow",
  "apartment": "692",
  "city": "West Careyside",
  "state": "New Jersey",
  "zipCode": "28537",
  "userId": 2992,
  "updatedAt": "2023-03-20T05:39:18.695Z",
  "createdAt": "2023-03-20T05:39:18.695Z"
}
 
22:39:17.871 [main] INFO  com.intuit.karate - karate.env system property was: null 
22:39:17.877 [main] DEBUG com.intuit.karate - request:
1 > POST https://tek-retail-api.azurewebsites.net/auth/login
1 > Content-Type: application/json; charset=UTF-8
1 > Content-Length: 62
1 > Host: tek-retail-api.azurewebsites.net
1 > Connection: Keep-Alive
1 > User-Agent: Apache-HttpClient/4.5.13 (Java/18)
1 > Accept-Encoding: gzip,deflate
{"email":"SpongeBobss46@tekschool.us","password":"Test12345$"}

22:39:18.341 [main] DEBUG com.intuit.karate - response time in milliseconds: 464
1 < 200
1 < Content-Length: 406
1 < Content-Type: application/json; charset=utf-8
1 < Date: Mon, 20 Mar 2023 05:39:19 GMT
1 < Access-Control-Allow-Origin: *
1 < ETag: W/"196-vLdIZkJ2k1qGbckU514ojUBWZUs"
1 < X-Powered-By: Express
{"name":"SpongeBob","email":"SpongeBobss46@tekschool.us","userId":2992,"role":"customer","roleId":2864,"phoneNumber":null,"accessToken":"eyJhbGciOiJIUzI1NiIsInR5cCI6IkpXVCJ9.eyJuYW1lIjoiU3BvbmdlQm9iIiwiZW1haWwiOiJTcG9uZ2VCb2JzczQ2QHRla3NjaG9vbC51cyIsInVzZXJJZCI6Mjk5Miwicm9sZSI6ImN1c3RvbWVyIiwicm9sZUlkIjoyODY0LCJwaG9uZU51bWJlciI6bnVsbCwiaWF0IjoxNjc5MjkwNzU5fQ.2vAogaYhh0BKhRkFYvg4q48sDtSKNqNKJA3DNr2vpzA"}

22:39:18.344 [main] INFO  com.intuit.karate - [print] eyJhbGciOiJIUzI1NiIsInR5cCI6IkpXVCJ9.eyJuYW1lIjoiU3BvbmdlQm9iIiwiZW1haWwiOiJTcG9uZ2VCb2JzczQ2QHRla3NjaG9vbC51cyIsInVzZXJJZCI6Mjk5Miwicm9sZSI6ImN1c3RvbWVyIiwicm9sZUlkIjoyODY0LCJwaG9uZU51bWJlciI6bnVsbCwiaWF0IjoxNjc5MjkwNzU5fQ.2vAogaYhh0BKhRkFYvg4q48sDtSKNqNKJA3DNr2vpzA 
22:39:18.353 [main] DEBUG com.intuit.karate - request:
1 > DELETE https://tek-retail-api.azurewebsites.net/address/5267?id=5267
1 > x-access-token: eyJhbGciOiJIUzI1NiIsInR5cCI6IkpXVCJ9.eyJuYW1lIjoiU3BvbmdlQm9iIiwiZW1haWwiOiJTcG9uZ2VCb2JzczQ2QHRla3NjaG9vbC51cyIsInVzZXJJZCI6Mjk5Miwicm9sZSI6ImN1c3RvbWVyIiwicm9sZUlkIjoyODY0LCJwaG9uZU51bWJlciI6bnVsbCwiaWF0IjoxNjc5MjkwNzU5fQ.2vAogaYhh0BKhRkFYvg4q48sDtSKNqNKJA3DNr2vpzA
1 > Host: tek-retail-api.azurewebsites.net
1 > Connection: Keep-Alive
1 > User-Agent: Apache-HttpClient/4.5.13 (Java/18)
1 > Accept-Encoding: gzip,deflate


22:39:18.711 [main] DEBUG com.intuit.karate - response time in milliseconds: 358
1 < 200
1 < Content-Length: 302
1 < Content-Type: application/json; charset=utf-8
1 < Date: Mon, 20 Mar 2023 05:39:19 GMT
1 < Access-Control-Allow-Origin: *
1 < ETag: W/"12e-LlOmA9N5dThSguC4Bgg2XQXt6RU"
1 < X-Powered-By: Express
{"id":5267,"country":"Saint Lucia","fullName":"Herbert Lind","phoneNumber":"(816) 227-6707","street":"922 Alberto Oval","apartment":"1376","city":"Darylshire","state":"Oregon","zipCode":84623,"userId":2992,"isDeleted":false,"createdAt":"2023-03-20T05:30:44.000Z","updatedAt":"2023-03-20T05:30:44.000Z"}

22:39:18.713 [main] INFO  com.intuit.karate - [print] {
  "id": 5267,
  "country": "Saint Lucia",
  "fullName": "Herbert Lind",
  "phoneNumber": "(816) 227-6707",
  "street": "922 Alberto Oval",
  "apartment": "1376",
  "city": "Darylshire",
  "state": "Oregon",
  "zipCode": 84623,
  "userId": 2992,
  "isDeleted": false,
  "createdAt": "2023-03-20T05:30:44.000Z",
  "updatedAt": "2023-03-20T05:30:44.000Z"
}
 
22:39:18.717 [main] INFO  com.intuit.karate - karate.env system property was: null 
22:39:18.722 [main] DEBUG com.intuit.karate - request:
1 > POST https://tek-retail-api.azurewebsites.net/auth/login
1 > Content-Type: application/json; charset=UTF-8
1 > Content-Length: 62
1 > Host: tek-retail-api.azurewebsites.net
1 > Connection: Keep-Alive
1 > User-Agent: Apache-HttpClient/4.5.13 (Java/18)
1 > Accept-Encoding: gzip,deflate
{"email":"SpongeBobss46@tekschool.us","password":"Test12345$"}

22:39:19.194 [main] DEBUG com.intuit.karate - response time in milliseconds: 472
1 < 200
1 < Content-Length: 406
1 < Content-Type: application/json; charset=utf-8
1 < Date: Mon, 20 Mar 2023 05:39:20 GMT
1 < Access-Control-Allow-Origin: *
1 < ETag: W/"196-JnB6CXf9jfsLt66O1+Gyh1Sbsi8"
1 < X-Powered-By: Express
{"name":"SpongeBob","email":"SpongeBobss46@tekschool.us","userId":2992,"role":"customer","roleId":2864,"phoneNumber":null,"accessToken":"eyJhbGciOiJIUzI1NiIsInR5cCI6IkpXVCJ9.eyJuYW1lIjoiU3BvbmdlQm9iIiwiZW1haWwiOiJTcG9uZ2VCb2JzczQ2QHRla3NjaG9vbC51cyIsInVzZXJJZCI6Mjk5Miwicm9sZSI6ImN1c3RvbWVyIiwicm9sZUlkIjoyODY0LCJwaG9uZU51bWJlciI6bnVsbCwiaWF0IjoxNjc5MjkwNzYwfQ.TUZcGQWiUA3LA6DRZE8XdyQYLDCx6BM0uoBPAv1VmS0"}

22:39:19.196 [main] INFO  com.intuit.karate - [print] eyJhbGciOiJIUzI1NiIsInR5cCI6IkpXVCJ9.eyJuYW1lIjoiU3BvbmdlQm9iIiwiZW1haWwiOiJTcG9uZ2VCb2JzczQ2QHRla3NjaG9vbC51cyIsInVzZXJJZCI6Mjk5Miwicm9sZSI6ImN1c3RvbWVyIiwicm9sZUlkIjoyODY0LCJwaG9uZU51bWJlciI6bnVsbCwiaWF0IjoxNjc5MjkwNzYwfQ.TUZcGQWiUA3LA6DRZE8XdyQYLDCx6BM0uoBPAv1VmS0 
22:39:19.203 [main] DEBUG com.intuit.karate - request:
1 > PUT https://tek-retail-api.azurewebsites.net/address/5267?id=5267
1 > x-access-token: eyJhbGciOiJIUzI1NiIsInR5cCI6IkpXVCJ9.eyJuYW1lIjoiU3BvbmdlQm9iIiwiZW1haWwiOiJTcG9uZ2VCb2JzczQ2QHRla3NjaG9vbC51cyIsInVzZXJJZCI6Mjk5Miwicm9sZSI6ImN1c3RvbWVyIiwicm9sZUlkIjoyODY0LCJwaG9uZU51bWJlciI6bnVsbCwiaWF0IjoxNjc5MjkwNzYwfQ.TUZcGQWiUA3LA6DRZE8XdyQYLDCx6BM0uoBPAv1VmS0
1 > Content-Type: application/json; charset=UTF-8
1 > Content-Length: 194
1 > Host: tek-retail-api.azurewebsites.net
1 > Connection: Keep-Alive
1 > User-Agent: Apache-HttpClient/4.5.13 (Java/18)
1 > Accept-Encoding: gzip,deflate
{"country":"Tuvalu","fullName":"Patti Cole","phoneNumber":"(810) 904-9243 x9436","street":"951 Valeri Mills","apartment":"26721","city":"Cassandrachester","state":"Washington","zipCode":"65015"}

22:39:19.581 [main] DEBUG com.intuit.karate - response time in milliseconds: 378
1 < 200
1 < Content-Length: 311
1 < Content-Type: application/json; charset=utf-8
1 < Date: Mon, 20 Mar 2023 05:39:20 GMT
1 < Access-Control-Allow-Origin: *
1 < ETag: W/"137-TYNub+q1Vt5EkodOZjAWKC9Bvj8"
1 < X-Powered-By: Express
{"id":5267,"country":"Tuvalu","fullName":"Patti Cole","phoneNumber":"(810) 904-9243 x9436","street":"951 Valeri Mills","apartment":"26721","city":"Cassandrachester","state":"Washington","zipCode":65015,"userId":2992,"isDeleted":true,"createdAt":"2023-03-20T05:30:44.000Z","updatedAt":"2023-03-20T05:39:20.000Z"}

22:39:19.582 [main] INFO  com.intuit.karate - [print] {
  "id": 5267,
  "country": "Tuvalu",
  "fullName": "Patti Cole",
  "phoneNumber": "(810) 904-9243 x9436",
  "street": "951 Valeri Mills",
  "apartment": "26721",
  "city": "Cassandrachester",
  "state": "Washington",
  "zipCode": 65015,
  "userId": 2992,
  "isDeleted": true,
  "createdAt": "2023-03-20T05:30:44.000Z",
  "updatedAt": "2023-03-20T05:39:20.000Z"
}
 
22:39:19.961 [main] INFO  com.intuit.karate.Suite - <<pass>> feature 1 of 1 (0 remaining) src/test/java/features/address.feature
